<?xml version="1.0" encoding="UTF-8"?>
<coverage generated="1655917763954" clover="3.2.0">
  <project timestamp="1655917763954" name="All files">
    <metrics statements="10" coveredstatements="10" conditionals="15" coveredconditionals="12" methods="2" coveredmethods="2" elements="27" coveredelements="24" complexity="0" loc="10" ncloc="10" packages="1" files="1" classes="1"/>
    <file name="triangle.js" path="C:\Users\filme\Desktop\epicodus\week-5\shape-tracker\src\triangle.js">
      <metrics statements="10" coveredstatements="10" conditionals="15" coveredconditionals="12" methods="2" coveredmethods="2"/>
      <line num="2" count="4" type="stmt"/>
      <line num="3" count="4" type="stmt"/>
      <line num="4" count="4" type="stmt"/>
      <line num="7" count="1" type="stmt"/>
      <line num="8" count="3" type="cond" truecount="2" falsecount="0"/>
      <line num="13" count="1" type="stmt"/>
      <line num="14" count="2" type="cond" truecount="2" falsecount="0"/>
      <line num="19" count="1" type="stmt"/>
      <line num="20" count="1" type="cond" truecount="1" falsecount="1"/>
      <line num="25" count="1" type="stmt"/>
    </file>
  </project>
</coverage>
