<?xml version="1.0" encoding="UTF-8"?>
<coverage generated="1655917103401" clover="3.2.0">
  <project timestamp="1655917103401" name="All files">
    <metrics statements="8" coveredstatements="8" conditionals="10" coveredconditionals="9" methods="2" coveredmethods="2" elements="20" coveredelements="19" complexity="0" loc="8" ncloc="8" packages="1" files="1" classes="1"/>
    <file name="triangle.js" path="C:\Users\filme\Desktop\epicodus\week-5\shape-tracker\src\triangle.js">
      <metrics statements="8" coveredstatements="8" conditionals="10" coveredconditionals="9" methods="2" coveredmethods="2"/>
      <line num="2" count="3" type="stmt"/>
      <line num="3" count="3" type="stmt"/>
      <line num="4" count="3" type="stmt"/>
      <line num="7" count="1" type="stmt"/>
      <line num="8" count="2" type="cond" truecount="5" falsecount="0"/>
      <line num="9" count="1" type="stmt"/>
      <line num="10" count="1" type="cond" truecount="4" falsecount="1"/>
      <line num="11" count="1" type="stmt"/>
    </file>
  </project>
</coverage>
